c:\users\avert second\documents\visual studio 2015\projects\apmr\3d2048\3d2048\x64\release\vc140.pdb
c:\users\avert second\documents\visual studio 2015\projects\apmr\3d2048\3d2048\x64\release\mainwindow.obj
c:\users\avert second\documents\visual studio 2015\projects\apmr\3d2048\3d2048\x64\release\main.obj
c:\users\avert second\documents\visual studio 2015\projects\apmr\3d2048\3d2048\x64\release\event_proc.obj
c:\users\avert second\documents\visual studio 2015\projects\apmr\3d2048\3d2048\x64\release\graphics.obj
c:\users\avert second\documents\visual studio 2015\projects\apmr\3d2048\3d2048\x64\release\core.obj
c:\users\avert second\documents\visual studio 2015\projects\apmr\3d2048\3d2048\x64\release\board_graphics.obj
c:\users\avert second\documents\visual studio 2015\projects\apmr\3d2048\3d2048\x64\release\board.obj
c:\users\avert second\documents\visual studio 2015\projects\apmr\3d2048\3d2048\x64\release\cube.obj
c:\users\avert second\documents\visual studio 2015\projects\apmr\3d2048\3d2048\x64\release\wall.obj
c:\users\avert second\documents\visual studio 2015\projects\apmr\3d2048\3d2048\x64\release\walls.obj
c:\users\avert second\documents\visual studio 2015\projects\apmr\3d2048\3d2048\x64\release\selecting.obj
c:\users\avert second\documents\visual studio 2015\projects\apmr\3d2048\3d2048\x64\release\animator.obj
c:\users\avert second\documents\visual studio 2015\projects\apmr\3d2048\3d2048\x64\release\ani.obj
c:\users\avert second\documents\visual studio 2015\projects\apmr\3d2048\x64\release\3d2048.exe
c:\users\avert second\documents\visual studio 2015\projects\apmr\3d2048\x64\release\3d2048.ipdb
c:\users\avert second\documents\visual studio 2015\projects\apmr\3d2048\x64\release\3d2048.iobj
c:\users\avert second\documents\visual studio 2015\projects\apmr\3d2048\x64\release\3d2048.pdb
c:\users\avert second\documents\visual studio 2015\projects\apmr\3d2048\3d2048\x64\release\menu.res
c:\users\avert second\documents\visual studio 2015\projects\apmr\3d2048\3d2048\x64\release\3d2048.tlog\cl.command.1.tlog
c:\users\avert second\documents\visual studio 2015\projects\apmr\3d2048\3d2048\x64\release\3d2048.tlog\cl.read.1.tlog
c:\users\avert second\documents\visual studio 2015\projects\apmr\3d2048\3d2048\x64\release\3d2048.tlog\cl.write.1.tlog
c:\users\avert second\documents\visual studio 2015\projects\apmr\3d2048\3d2048\x64\release\3d2048.tlog\link.command.1.tlog
c:\users\avert second\documents\visual studio 2015\projects\apmr\3d2048\3d2048\x64\release\3d2048.tlog\link.read.1.tlog
c:\users\avert second\documents\visual studio 2015\projects\apmr\3d2048\3d2048\x64\release\3d2048.tlog\link.write.1.tlog
c:\users\avert second\documents\visual studio 2015\projects\apmr\3d2048\3d2048\x64\release\3d2048.tlog\rc.command.1.tlog
c:\users\avert second\documents\visual studio 2015\projects\apmr\3d2048\3d2048\x64\release\3d2048.tlog\rc.read.1.tlog
c:\users\avert second\documents\visual studio 2015\projects\apmr\3d2048\3d2048\x64\release\3d2048.tlog\rc.write.1.tlog
