c:\users\avert second\documents\visual studio 2015\projects\apmr\3d2048\3d2048\x64\debug\vc140.pdb
c:\users\avert second\documents\visual studio 2015\projects\apmr\3d2048\3d2048\x64\debug\vc140.idb
c:\users\avert second\documents\visual studio 2015\projects\apmr\3d2048\3d2048\x64\debug\event_proc.obj
c:\users\avert second\documents\visual studio 2015\projects\apmr\3d2048\3d2048\x64\debug\mainwindow.obj
c:\users\avert second\documents\visual studio 2015\projects\apmr\3d2048\3d2048\x64\debug\board.obj
c:\users\avert second\documents\visual studio 2015\projects\apmr\3d2048\3d2048\x64\debug\board_init_graphics.obj
c:\users\avert second\documents\visual studio 2015\projects\apmr\3d2048\3d2048\x64\debug\core.obj
c:\users\avert second\documents\visual studio 2015\projects\apmr\3d2048\3d2048\x64\debug\graphics.obj
c:\users\avert second\documents\visual studio 2015\projects\apmr\3d2048\3d2048\x64\debug\main.obj
c:\users\avert second\documents\visual studio 2015\projects\apmr\3d2048\3d2048\x64\debug\cube.obj
c:\users\avert second\documents\visual studio 2015\projects\apmr\3d2048\3d2048\x64\debug\wall.obj
c:\users\avert second\documents\visual studio 2015\projects\apmr\3d2048\3d2048\x64\debug\walls.obj
c:\users\avert second\documents\visual studio 2015\projects\apmr\3d2048\3d2048\x64\debug\selecting.obj
c:\users\avert second\documents\visual studio 2015\projects\apmr\3d2048\x64\debug\3d2048.ilk
c:\users\avert second\documents\visual studio 2015\projects\apmr\3d2048\x64\debug\3d2048.exe
c:\users\avert second\documents\visual studio 2015\projects\apmr\3d2048\x64\debug\3d2048.pdb
c:\users\avert second\documents\visual studio 2015\projects\apmr\3d2048\3d2048\x64\debug\menu.res
c:\users\avert second\documents\visual studio 2015\projects\apmr\3d2048\3d2048\x64\debug\3d2048.tlog\cl.command.1.tlog
c:\users\avert second\documents\visual studio 2015\projects\apmr\3d2048\3d2048\x64\debug\3d2048.tlog\cl.read.1.tlog
c:\users\avert second\documents\visual studio 2015\projects\apmr\3d2048\3d2048\x64\debug\3d2048.tlog\cl.write.1.tlog
c:\users\avert second\documents\visual studio 2015\projects\apmr\3d2048\3d2048\x64\debug\3d2048.tlog\link.command.1.tlog
c:\users\avert second\documents\visual studio 2015\projects\apmr\3d2048\3d2048\x64\debug\3d2048.tlog\link.read.1.tlog
c:\users\avert second\documents\visual studio 2015\projects\apmr\3d2048\3d2048\x64\debug\3d2048.tlog\link.write.1.tlog
c:\users\avert second\documents\visual studio 2015\projects\apmr\3d2048\3d2048\x64\debug\3d2048.tlog\rc.command.1.tlog
c:\users\avert second\documents\visual studio 2015\projects\apmr\3d2048\3d2048\x64\debug\3d2048.tlog\rc.read.1.tlog
c:\users\avert second\documents\visual studio 2015\projects\apmr\3d2048\3d2048\x64\debug\3d2048.tlog\rc.write.1.tlog
